<?xml version="1.0" encoding="UTF-8"?>
<!-- Generated by org.testng.reporters.JUnitXMLReporter -->
<testsuite ignored="1" hostname="PavanKalyan" failures="0" tests="2" name="Default test" time="0.072" errors="0" timestamp="2024-06-15T11:09:17 IST">
  <testcase classname="kalyan.Demo" name="m2" time="0.011"/>
  <testcase classname="kalyan.Demo" name="m3" time="0.005"/>
  <testcase classname="kalyan.Demo" name="m1" time="0.0">
    <ignored/>
  </testcase> <!-- m1 -->
</testsuite> <!-- Default test -->
