<?xml version="1.0" encoding="UTF-8"?>
<testng-results ignored="0" total="2" passed="2" failed="0" skipped="0">
  <reporter-output>
  </reporter-output>
  <suite started-at="2024-06-15T11:09:17 IST" name="Default suite" finished-at="2024-06-15T11:09:17 IST" duration-ms="72">
    <groups>
    </groups>
    <test started-at="2024-06-15T11:09:17 IST" name="Default test" finished-at="2024-06-15T11:09:17 IST" duration-ms="72">
      <class name="kalyan.Demo">
        <test-method signature="m2()[pri:0, instance:kalyan.Demo@17f9d882]" started-at="2024-06-15T11:09:17 IST" name="m2" finished-at="2024-06-15T11:09:17 IST" duration-ms="11" status="PASS">
          <reporter-output>
          </reporter-output>
        </test-method> <!-- m2 -->
        <test-method signature="m3()[pri:0, instance:kalyan.Demo@17f9d882]" started-at="2024-06-15T11:09:17 IST" name="m3" finished-at="2024-06-15T11:09:17 IST" duration-ms="5" status="PASS">
          <reporter-output>
          </reporter-output>
        </test-method> <!-- m3 -->
      </class> <!-- kalyan.Demo -->
    </test> <!-- Default test -->
  </suite> <!-- Default suite -->
</testng-results>
